2026-03-22 17:25:37.034 [main        ] INFO  r.k.s.b.d.SpringBootSecurityDemoApplication - Starting SpringBootSecurityDemoApplication using Java 17.0.16 on HOME-PC with PID 3612 (C:\Users\Пользователь\Desktop\PP_3_1_2_Boot_Security\target\classes started by Пользователь in C:\Users\Пользователь\Desktop\PP_3_1_2_Boot_Security)
2026-03-22 17:25:37.038 [main        ] DEBUG r.k.s.b.d.SpringBootSecurityDemoApplication - Running with Spring Boot v2.6.2, Spring v5.3.14
2026-03-22 17:25:37.038 [main        ] INFO  r.k.s.b.d.SpringBootSecurityDemoApplication - No active profile set, falling back to default profiles: default
2026-03-22 17:25:38.969 [main        ] WARN  o.s.b.a.o.j.JpaBaseConfiguration$JpaWebConfiguration - spring.jpa.open-in-view is enabled by default. Therefore, database queries may be performed during view rendering. Explicitly configure spring.jpa.open-in-view to disable this warning
2026-03-22 17:25:39.091 [main        ] DEBUG o.s.s.w.a.e.ExpressionBasedFilterInvocationSecurityMetadataSource - Adding web access control expression [permitAll] for ExactUrl [processUrl='/login?error']
2026-03-22 17:25:39.091 [main        ] DEBUG o.s.s.w.a.e.ExpressionBasedFilterInvocationSecurityMetadataSource - Adding web access control expression [permitAll] for ExactUrl [processUrl='/login']
2026-03-22 17:25:39.091 [main        ] DEBUG o.s.s.w.a.e.ExpressionBasedFilterInvocationSecurityMetadataSource - Adding web access control expression [permitAll] for ExactUrl [processUrl='/login']
2026-03-22 17:25:39.091 [main        ] DEBUG o.s.s.w.a.e.ExpressionBasedFilterInvocationSecurityMetadataSource - Adding web access control expression [permitAll] for Ant [pattern='/logout', POST]
2026-03-22 17:25:39.091 [main        ] DEBUG o.s.s.w.a.e.ExpressionBasedFilterInvocationSecurityMetadataSource - Adding web access control expression [permitAll] for ExactUrl [processUrl='/login']
2026-03-22 17:25:39.092 [main        ] DEBUG o.s.s.w.a.e.ExpressionBasedFilterInvocationSecurityMetadataSource - Adding web access control expression [permitAll] for Ant [pattern='/']
2026-03-22 17:25:39.092 [main        ] DEBUG o.s.s.w.a.e.ExpressionBasedFilterInvocationSecurityMetadataSource - Adding web access control expression [permitAll] for Ant [pattern='/login']
2026-03-22 17:25:39.092 [main        ] DEBUG o.s.s.w.a.e.ExpressionBasedFilterInvocationSecurityMetadataSource - Adding web access control expression [permitAll] for Ant [pattern='/error']
2026-03-22 17:25:39.092 [main        ] DEBUG o.s.s.w.a.e.ExpressionBasedFilterInvocationSecurityMetadataSource - Adding web access control expression [hasRole('ROLE_ADMIN')] for Ant [pattern='/admin/**']
2026-03-22 17:25:39.092 [main        ] DEBUG o.s.s.w.a.e.ExpressionBasedFilterInvocationSecurityMetadataSource - Adding web access control expression [hasAnyRole('ROLE_USER','ROLE_ADMIN')] for Ant [pattern='/user/**']
2026-03-22 17:25:39.092 [main        ] DEBUG o.s.s.w.a.e.ExpressionBasedFilterInvocationSecurityMetadataSource - Adding web access control expression [authenticated] for any request
2026-03-22 17:25:39.098 [main        ] INFO  o.s.s.web.DefaultSecurityFilterChain     - Will secure any request with [org.springframework.security.web.context.request.async.WebAsyncManagerIntegrationFilter@78bce1c4, org.springframework.security.web.context.SecurityContextPersistenceFilter@423762ae, org.springframework.security.web.header.HeaderWriterFilter@5eef8a16, org.springframework.security.web.csrf.CsrfFilter@581e8969, org.springframework.security.web.authentication.logout.LogoutFilter@7f94541b, org.springframework.security.web.authentication.UsernamePasswordAuthenticationFilter@4c91f5bf, org.springframework.security.web.authentication.ui.DefaultLoginPageGeneratingFilter@62d6ac, org.springframework.security.web.authentication.ui.DefaultLogoutPageGeneratingFilter@189e96af, org.springframework.security.web.savedrequest.RequestCacheAwareFilter@535a6697, org.springframework.security.web.servletapi.SecurityContextHolderAwareRequestFilter@1a947424, org.springframework.security.web.authentication.AnonymousAuthenticationFilter@45b6c666, org.springframework.security.web.session.SessionManagementFilter@18c60d81, org.springframework.security.web.access.ExceptionTranslationFilter@247dcbba, org.springframework.security.web.access.intercept.FilterSecurityInterceptor@3ce7a354]
2026-03-22 17:25:39.235 [main        ] DEBUG o.s.w.s.m.m.a.RequestMappingHandlerMapping - 9 mappings in 'requestMappingHandlerMapping'
2026-03-22 17:25:39.373 [main        ] INFO  r.k.s.b.d.SpringBootSecurityDemoApplication - Started SpringBootSecurityDemoApplication in 2.662 seconds (JVM running for 2.934)
2026-03-22 17:25:39.465 [main        ] DEBUG org.hibernate.SQL                        - select role0_.id as id1_0_, role0_.name as name2_0_ from roles role0_ where role0_.name=? limit ?
2026-03-22 17:25:39.467 [main        ] TRACE o.h.type.descriptor.sql.BasicBinder      - binding parameter [1] as [VARCHAR] - [ROLE_ADMIN]
2026-03-22 17:25:39.476 [main        ] DEBUG org.hibernate.SQL                        - select role0_.id as id1_0_, role0_.name as name2_0_ from roles role0_ where role0_.name=? limit ?
2026-03-22 17:25:39.476 [main        ] TRACE o.h.type.descriptor.sql.BasicBinder      - binding parameter [1] as [VARCHAR] - [ROLE_USER]
2026-03-22 17:25:39.483 [main        ] DEBUG org.hibernate.SQL                        - select distinct user0_.id as id1_1_0_, role2_.id as id1_0_1_, user0_.age as age2_1_0_, user0_.email as email3_1_0_, user0_.name as name4_1_0_, user0_.password as password5_1_0_, role2_.name as name2_0_1_, roles1_.user_id as user_id1_2_0__, roles1_.role_id as role_id2_2_0__ from users user0_ left outer join users_roles roles1_ on user0_.id=roles1_.user_id left outer join roles role2_ on roles1_.role_id=role2_.id
2026-03-22 17:25:42.525 [http-nio-8080-exec-1] DEBUG o.s.security.web.FilterChainProxy        - Securing GET /
2026-03-22 17:25:42.527 [http-nio-8080-exec-1] DEBUG o.s.s.w.c.SecurityContextPersistenceFilter - Set SecurityContextHolder to empty SecurityContext
2026-03-22 17:25:42.529 [http-nio-8080-exec-1] DEBUG o.s.s.w.a.AnonymousAuthenticationFilter  - Set SecurityContextHolder to anonymous SecurityContext
2026-03-22 17:25:42.532 [http-nio-8080-exec-1] DEBUG o.s.s.w.a.i.FilterSecurityInterceptor    - Authorized filter invocation [GET /] with attributes [permitAll]
2026-03-22 17:25:42.532 [http-nio-8080-exec-1] DEBUG o.s.security.web.FilterChainProxy        - Secured GET /
2026-03-22 17:25:42.539 [http-nio-8080-exec-1] DEBUG o.s.s.w.c.HttpSessionSecurityContextRepository - Did not store anonymous SecurityContext
2026-03-22 17:25:42.540 [http-nio-8080-exec-1] DEBUG o.s.s.w.c.HttpSessionSecurityContextRepository - Did not store anonymous SecurityContext
2026-03-22 17:25:42.540 [http-nio-8080-exec-1] DEBUG o.s.s.w.c.SecurityContextPersistenceFilter - Cleared SecurityContextHolder to complete request
2026-03-22 17:25:42.544 [http-nio-8080-exec-2] DEBUG o.s.security.web.FilterChainProxy        - Securing GET /login
2026-03-22 17:25:42.545 [http-nio-8080-exec-2] DEBUG o.s.s.w.c.SecurityContextPersistenceFilter - Set SecurityContextHolder to empty SecurityContext
2026-03-22 17:25:42.568 [http-nio-8080-exec-2] DEBUG o.s.s.w.c.HttpSessionSecurityContextRepository - Did not store empty SecurityContext
2026-03-22 17:25:42.568 [http-nio-8080-exec-2] DEBUG o.s.s.w.c.HttpSessionSecurityContextRepository - Did not store empty SecurityContext
2026-03-22 17:25:42.568 [http-nio-8080-exec-2] DEBUG o.s.s.w.c.SecurityContextPersistenceFilter - Cleared SecurityContextHolder to complete request
2026-03-22 17:25:43.272 [http-nio-8080-exec-3] DEBUG o.s.security.web.FilterChainProxy        - Securing GET /favicon.ico
2026-03-22 17:25:43.272 [http-nio-8080-exec-3] DEBUG o.s.s.w.c.SecurityContextPersistenceFilter - Set SecurityContextHolder to empty SecurityContext
2026-03-22 17:25:43.272 [http-nio-8080-exec-3] DEBUG o.s.s.w.a.AnonymousAuthenticationFilter  - Set SecurityContextHolder to anonymous SecurityContext
2026-03-22 17:25:43.273 [http-nio-8080-exec-3] DEBUG o.s.s.w.a.i.FilterSecurityInterceptor    - Failed to authorize filter invocation [GET /favicon.ico] with attributes [authenticated]
2026-03-22 17:25:43.274 [http-nio-8080-exec-3] DEBUG o.s.s.web.DefaultRedirectStrategy        - Redirecting to http://localhost:8080/login
2026-03-22 17:25:43.274 [http-nio-8080-exec-3] DEBUG o.s.s.w.c.HttpSessionSecurityContextRepository - Did not store empty SecurityContext
2026-03-22 17:25:43.274 [http-nio-8080-exec-3] DEBUG o.s.s.w.c.HttpSessionSecurityContextRepository - Did not store empty SecurityContext
2026-03-22 17:25:43.274 [http-nio-8080-exec-3] DEBUG o.s.s.w.c.SecurityContextPersistenceFilter - Cleared SecurityContextHolder to complete request
2026-03-22 17:25:43.278 [http-nio-8080-exec-4] DEBUG o.s.security.web.FilterChainProxy        - Securing GET /login
2026-03-22 17:25:43.278 [http-nio-8080-exec-4] DEBUG o.s.s.w.c.SecurityContextPersistenceFilter - Set SecurityContextHolder to empty SecurityContext
2026-03-22 17:25:43.279 [http-nio-8080-exec-4] DEBUG o.s.s.w.c.HttpSessionSecurityContextRepository - Did not store empty SecurityContext
2026-03-22 17:25:43.279 [http-nio-8080-exec-4] DEBUG o.s.s.w.c.HttpSessionSecurityContextRepository - Did not store empty SecurityContext
2026-03-22 17:25:43.279 [http-nio-8080-exec-4] DEBUG o.s.s.w.c.SecurityContextPersistenceFilter - Cleared SecurityContextHolder to complete request
2026-03-22 17:25:43.283 [http-nio-8080-exec-5] DEBUG o.s.security.web.FilterChainProxy        - Securing GET /favicon.ico
2026-03-22 17:25:43.284 [http-nio-8080-exec-5] DEBUG o.s.s.w.c.SecurityContextPersistenceFilter - Set SecurityContextHolder to empty SecurityContext
2026-03-22 17:25:43.284 [http-nio-8080-exec-5] DEBUG o.s.s.w.a.AnonymousAuthenticationFilter  - Set SecurityContextHolder to anonymous SecurityContext
2026-03-22 17:25:43.284 [http-nio-8080-exec-5] DEBUG o.s.s.w.a.i.FilterSecurityInterceptor    - Failed to authorize filter invocation [GET /favicon.ico] with attributes [authenticated]
2026-03-22 17:25:43.284 [http-nio-8080-exec-5] DEBUG o.s.s.web.DefaultRedirectStrategy        - Redirecting to http://localhost:8080/login
2026-03-22 17:25:43.284 [http-nio-8080-exec-5] DEBUG o.s.s.w.c.HttpSessionSecurityContextRepository - Did not store empty SecurityContext
2026-03-22 17:25:43.284 [http-nio-8080-exec-5] DEBUG o.s.s.w.c.HttpSessionSecurityContextRepository - Did not store empty SecurityContext
2026-03-22 17:25:43.284 [http-nio-8080-exec-5] DEBUG o.s.s.w.c.SecurityContextPersistenceFilter - Cleared SecurityContextHolder to complete request
2026-03-22 17:25:43.288 [http-nio-8080-exec-6] DEBUG o.s.security.web.FilterChainProxy        - Securing GET /login
2026-03-22 17:25:43.288 [http-nio-8080-exec-6] DEBUG o.s.s.w.c.SecurityContextPersistenceFilter - Set SecurityContextHolder to empty SecurityContext
2026-03-22 17:25:43.288 [http-nio-8080-exec-6] DEBUG o.s.s.w.c.HttpSessionSecurityContextRepository - Did not store empty SecurityContext
2026-03-22 17:25:43.288 [http-nio-8080-exec-6] DEBUG o.s.s.w.c.HttpSessionSecurityContextRepository - Did not store empty SecurityContext
2026-03-22 17:25:43.288 [http-nio-8080-exec-6] DEBUG o.s.s.w.c.SecurityContextPersistenceFilter - Cleared SecurityContextHolder to complete request
2026-03-22 17:25:44.796 [http-nio-8080-exec-7] DEBUG o.s.security.web.FilterChainProxy        - Securing POST /login
2026-03-22 17:25:44.796 [http-nio-8080-exec-7] DEBUG o.s.s.w.c.SecurityContextPersistenceFilter - Set SecurityContextHolder to empty SecurityContext
2026-03-22 17:25:44.892 [http-nio-8080-exec-7] INFO  r.k.s.b.demo.aspect.LoggingAspect        - >>>> [AOP LOG] Entering: ru.kata.spring.boot_security.demo.service.CustomUserDetailsService.loadUserByUsername()
2026-03-22 17:25:44.893 [http-nio-8080-exec-7] INFO  r.k.s.b.demo.aspect.LoggingAspect        - >>>> [AOP ARGS] Arguments: [admin@example.com]
2026-03-22 17:25:44.895 [http-nio-8080-exec-7] INFO  r.k.s.b.d.s.CustomUserDetailsService     - Loading user details: email=admin@example.com
2026-03-22 17:25:44.896 [http-nio-8080-exec-7] DEBUG org.hibernate.SQL                        - select user0_.id as id1_1_0_, role2_.id as id1_0_1_, user0_.age as age2_1_0_, user0_.email as email3_1_0_, user0_.name as name4_1_0_, user0_.password as password5_1_0_, role2_.name as name2_0_1_, roles1_.user_id as user_id1_2_0__, roles1_.role_id as role_id2_2_0__ from users user0_ left outer join users_roles roles1_ on user0_.id=roles1_.user_id left outer join roles role2_ on roles1_.role_id=role2_.id where user0_.email=?
2026-03-22 17:25:44.897 [http-nio-8080-exec-7] TRACE o.h.type.descriptor.sql.BasicBinder      - binding parameter [1] as [VARCHAR] - [admin@example.com]
2026-03-22 17:25:44.971 [http-nio-8080-exec-7] DEBUG o.s.s.a.d.DaoAuthenticationProvider      - Authenticated user
2026-03-22 17:25:44.971 [http-nio-8080-exec-7] DEBUG o.s.s.w.a.s.ChangeSessionIdAuthenticationStrategy - Changed session id from ABC8ACD2E8CCA31F830D315457E0088F
2026-03-22 17:25:44.972 [http-nio-8080-exec-7] DEBUG o.s.s.w.c.CsrfAuthenticationStrategy     - Replaced CSRF Token
2026-03-22 17:25:44.972 [http-nio-8080-exec-7] DEBUG o.s.s.w.a.UsernamePasswordAuthenticationFilter - Set SecurityContextHolder to UsernamePasswordAuthenticationToken [Principal=ru.kata.spring.boot_security.demo.model.User@71cdd3d3, Credentials=[PROTECTED], Authenticated=true, Details=WebAuthenticationDetails [RemoteIpAddress=0:0:0:0:0:0:0:1, SessionId=ABC8ACD2E8CCA31F830D315457E0088F], Granted Authorities=[ru.kata.spring.boot_security.demo.model.Role@16395d84, ru.kata.spring.boot_security.demo.model.Role@63eed1c0]]
2026-03-22 17:25:44.972 [http-nio-8080-exec-7] DEBUG o.s.s.w.c.HttpSessionSecurityContextRepository - Stored SecurityContextImpl [Authentication=UsernamePasswordAuthenticationToken [Principal=ru.kata.spring.boot_security.demo.model.User@71cdd3d3, Credentials=[PROTECTED], Authenticated=true, Details=WebAuthenticationDetails [RemoteIpAddress=0:0:0:0:0:0:0:1, SessionId=ABC8ACD2E8CCA31F830D315457E0088F], Granted Authorities=[ru.kata.spring.boot_security.demo.model.Role@16395d84, ru.kata.spring.boot_security.demo.model.Role@63eed1c0]]] to HttpSession [org.apache.catalina.session.StandardSessionFacade@4a0a7443]
2026-03-22 17:25:44.972 [http-nio-8080-exec-7] DEBUG o.s.s.w.c.HttpSessionSecurityContextRepository - Stored SecurityContextImpl [Authentication=UsernamePasswordAuthenticationToken [Principal=ru.kata.spring.boot_security.demo.model.User@71cdd3d3, Credentials=[PROTECTED], Authenticated=true, Details=WebAuthenticationDetails [RemoteIpAddress=0:0:0:0:0:0:0:1, SessionId=ABC8ACD2E8CCA31F830D315457E0088F], Granted Authorities=[ru.kata.spring.boot_security.demo.model.Role@16395d84, ru.kata.spring.boot_security.demo.model.Role@63eed1c0]]] to HttpSession [org.apache.catalina.session.StandardSessionFacade@4a0a7443]
2026-03-22 17:25:44.972 [http-nio-8080-exec-7] DEBUG o.s.s.w.c.SecurityContextPersistenceFilter - Cleared SecurityContextHolder to complete request
2026-03-22 17:25:44.977 [http-nio-8080-exec-8] DEBUG o.s.security.web.FilterChainProxy        - Securing GET /admin
2026-03-22 17:25:44.977 [http-nio-8080-exec-8] DEBUG o.s.s.w.c.HttpSessionSecurityContextRepository - Retrieved SecurityContextImpl [Authentication=UsernamePasswordAuthenticationToken [Principal=ru.kata.spring.boot_security.demo.model.User@71cdd3d3, Credentials=[PROTECTED], Authenticated=true, Details=WebAuthenticationDetails [RemoteIpAddress=0:0:0:0:0:0:0:1, SessionId=ABC8ACD2E8CCA31F830D315457E0088F], Granted Authorities=[ru.kata.spring.boot_security.demo.model.Role@16395d84, ru.kata.spring.boot_security.demo.model.Role@63eed1c0]]]
2026-03-22 17:25:44.977 [http-nio-8080-exec-8] DEBUG o.s.s.w.c.SecurityContextPersistenceFilter - Set SecurityContextHolder to SecurityContextImpl [Authentication=UsernamePasswordAuthenticationToken [Principal=ru.kata.spring.boot_security.demo.model.User@71cdd3d3, Credentials=[PROTECTED], Authenticated=true, Details=WebAuthenticationDetails [RemoteIpAddress=0:0:0:0:0:0:0:1, SessionId=ABC8ACD2E8CCA31F830D315457E0088F], Granted Authorities=[ru.kata.spring.boot_security.demo.model.Role@16395d84, ru.kata.spring.boot_security.demo.model.Role@63eed1c0]]]
2026-03-22 17:25:44.977 [http-nio-8080-exec-8] DEBUG o.s.s.w.a.i.FilterSecurityInterceptor    - Authorized filter invocation [GET /admin] with attributes [hasRole('ROLE_ADMIN')]
2026-03-22 17:25:44.977 [http-nio-8080-exec-8] DEBUG o.s.security.web.FilterChainProxy        - Secured GET /admin
2026-03-22 17:25:44.979 [http-nio-8080-exec-8] DEBUG o.s.w.s.m.m.a.RequestMappingHandlerMapping - Mapped to ru.kata.spring.boot_security.demo.controller.AdminController#listUsers(Model, User)
2026-03-22 17:25:44.984 [http-nio-8080-exec-8] INFO  r.k.s.b.demo.aspect.LoggingAspect        - >>>> [AOP LOG] Entering: ru.kata.spring.boot_security.demo.controller.AdminController.listUsers()
2026-03-22 17:25:44.984 [http-nio-8080-exec-8] INFO  r.k.s.b.demo.aspect.LoggingAspect        - >>>> [AOP ARGS] Arguments: [{}, ru.kata.spring.boot_security.demo.model.User@71cdd3d3]
2026-03-22 17:25:44.989 [http-nio-8080-exec-8] INFO  r.k.s.b.demo.aspect.LoggingAspect        - >>>> [AOP LOG] Entering: ru.kata.spring.boot_security.demo.service.impl.UserServiceImpl.getAllUsers()
2026-03-22 17:25:44.991 [http-nio-8080-exec-8] DEBUG org.hibernate.SQL                        - select distinct user0_.id as id1_1_0_, role2_.id as id1_0_1_, user0_.age as age2_1_0_, user0_.email as email3_1_0_, user0_.name as name4_1_0_, user0_.password as password5_1_0_, role2_.name as name2_0_1_, roles1_.user_id as user_id1_2_0__, roles1_.role_id as role_id2_2_0__ from users user0_ left outer join users_roles roles1_ on user0_.id=roles1_.user_id left outer join roles role2_ on roles1_.role_id=role2_.id
2026-03-22 17:25:45.150 [http-nio-8080-exec-8] DEBUG o.s.s.w.c.SecurityContextPersistenceFilter - Cleared SecurityContextHolder to complete request
